<?xml version="1.0" encoding="UTF-8"?>
<testng-results ignored="0" total="2" passed="2" failed="0" skipped="0">
  <reporter-output>
  </reporter-output>
  <suite started-at="2024-11-05T23:57:09 IST" name="Default suite" finished-at="2024-11-05T23:57:17 IST" duration-ms="7979">
    <groups>
      <group name="cucumber">
        <method signature="AbstractTestNGCucumberTests.runScenario(io.cucumber.testng.PickleWrapper,io.cucumber.testng.FeatureWrapper)[pri:0, instance:cucumber.Options.TestRunner@3a7442c7]" name="runScenario" class="io.cucumber.testng.AbstractTestNGCucumberTests"/>
      </group> <!-- cucumber -->
    </groups>
    <test started-at="2024-11-05T23:57:09 IST" name="Default test" finished-at="2024-11-05T23:57:17 IST" duration-ms="7979">
      <class name="cucumber.Options.TestRunner">
        <test-method is-config="true" signature="setUpClass(org.testng.ITestContext)[pri:0, instance:cucumber.Options.TestRunner@3a7442c7]" started-at="2024-11-05T23:57:09 IST" name="setUpClass" finished-at="2024-11-05T23:57:10 IST" duration-ms="531" status="PASS">
          <params>
            <param index="0">
              <value>
                <![CDATA[org.testng.TestRunner@53f7a906]]>
              </value>
            </param>
          </params>
          <reporter-output>
          </reporter-output>
        </test-method> <!-- setUpClass -->
        <test-method signature="runScenario(io.cucumber.testng.PickleWrapper,io.cucumber.testng.FeatureWrapper)[pri:0, instance:cucumber.Options.TestRunner@3a7442c7]" started-at="2024-11-05T23:57:10 IST" name="runScenario" description="Runs Cucumber Scenarios" data-provider="scenarios" finished-at="2024-11-05T23:57:17 IST" duration-ms="6890" status="PASS">
          <params>
            <param index="0">
              <value>
                <![CDATA["Verify if place is being successfully added using AddPlace API"]]>
              </value>
            </param>
            <param index="1">
              <value>
                <![CDATA["Validating AddPlace API's"]]>
              </value>
            </param>
          </params>
          <reporter-output>
          </reporter-output>
        </test-method> <!-- runScenario -->
        <test-method signature="runScenario(io.cucumber.testng.PickleWrapper,io.cucumber.testng.FeatureWrapper)[pri:0, instance:cucumber.Options.TestRunner@3a7442c7]" started-at="2024-11-05T23:57:17 IST" name="runScenario" description="Runs Cucumber Scenarios" data-provider="scenarios" finished-at="2024-11-05T23:57:17 IST" duration-ms="381" status="PASS">
          <params>
            <param index="0">
              <value>
                <![CDATA["Verify if place is being successfully added using AddPlace API"]]>
              </value>
            </param>
            <param index="1">
              <value>
                <![CDATA["Validating AddPlace API's"]]>
              </value>
            </param>
          </params>
          <reporter-output>
          </reporter-output>
        </test-method> <!-- runScenario -->
        <test-method is-config="true" signature="tearDownClass()[pri:0, instance:cucumber.Options.TestRunner@3a7442c7]" started-at="2024-11-05T23:57:17 IST" name="tearDownClass" finished-at="2024-11-05T23:57:17 IST" duration-ms="6" status="PASS">
          <reporter-output>
          </reporter-output>
        </test-method> <!-- tearDownClass -->
      </class> <!-- cucumber.Options.TestRunner -->
    </test> <!-- Default test -->
  </suite> <!-- Default suite -->
</testng-results>
